2020-09-23 18:56:41,634 INFO 5268 [egg:logger] init all loggers with options: {"dir":"C:\\Users\\10270\\Desktop\\server\\logs\\egg","encoding":"utf8","env":"local","level":"INFO","consoleLevel":"INFO","disableConsoleAfterReady":false,"outputJSON":false,"buffer":true,"appLogName":"egg-web.log","coreLogName":"egg-web.log","agentLogName":"egg-agent.log","errorLogName":"common-error.log","coreLogger":{"consoleLevel":"WARN"},"allowDebugAtProd":false,"type":"application"}
2020-09-23 18:56:41,689 INFO 5268 [egg-multipart] file mode enable
2020-09-23 18:56:41,689 INFO 5268 [egg-multipart] will save temporary files to "C:\\Users\\10270\\AppData\\Local\\Temp\\egg-multipart-tmp\\egg", cleanup job cron: "0 30 4 * * *"
2020-09-23 18:56:41,690 INFO 5268 [egg-mysql] connecting root@localhost:3306/kcdatabase
2020-09-23 18:56:42,158 INFO 5268 [egg-static] starting static serve /public/ -> C:\Users\10270\Desktop\server\app\public
2020-09-23 18:56:42,162 INFO 5268 [egg-security] use methodnoallow middleware
2020-09-23 18:56:42,163 INFO 5268 [egg-security] use noopen middleware
2020-09-23 18:56:42,165 INFO 5268 [egg-security] use nosniff middleware
2020-09-23 18:56:42,166 INFO 5268 [egg-security] use xssProtection middleware
2020-09-23 18:56:42,167 INFO 5268 [egg-security] use xframe middleware
2020-09-23 18:56:42,168 INFO 5268 [egg-security] use dta middleware
2020-09-23 18:56:42,168 INFO 5268 [egg-security] compose 6 middlewares into one security middleware
2020-09-23 18:56:42,204 INFO 5268 [egg:core] dump config after load, 11ms
2020-09-23 18:56:42,225 INFO 5268 [egg-watcher:application] watcher start success
2020-09-23 18:56:42,236 INFO 5268 [egg-mysql] instance[0] status OK, rds currentTime: Wed Sep 23 2020 18:56:42 GMT+0800 (GMT+08:00)
2020-09-23 18:56:42,245 INFO 5268 [egg:core] dump config after ready, 7ms
2020-09-23 19:05:07,440 INFO 6784 [egg:logger] init all loggers with options: {"dir":"C:\\Users\\10270\\Desktop\\server\\logs\\egg","encoding":"utf8","env":"local","level":"INFO","consoleLevel":"INFO","disableConsoleAfterReady":false,"outputJSON":false,"buffer":true,"appLogName":"egg-web.log","coreLogName":"egg-web.log","agentLogName":"egg-agent.log","errorLogName":"common-error.log","coreLogger":{"consoleLevel":"WARN"},"allowDebugAtProd":false,"type":"application"}
2020-09-23 19:05:07,474 INFO 6784 [egg-multipart] file mode enable
2020-09-23 19:05:07,474 INFO 6784 [egg-multipart] will save temporary files to "C:\\Users\\10270\\AppData\\Local\\Temp\\egg-multipart-tmp\\egg", cleanup job cron: "0 30 4 * * *"
2020-09-23 19:05:07,475 INFO 6784 [egg-mysql] connecting root@localhost:3306/kcdatabase
2020-09-23 19:05:07,721 INFO 6784 [egg-static] starting static serve /public/ -> C:\Users\10270\Desktop\server\app\public
2020-09-23 19:05:07,725 INFO 6784 [egg-security] use methodnoallow middleware
2020-09-23 19:05:07,726 INFO 6784 [egg-security] use noopen middleware
2020-09-23 19:05:07,729 INFO 6784 [egg-security] use nosniff middleware
2020-09-23 19:05:07,731 INFO 6784 [egg-security] use xssProtection middleware
2020-09-23 19:05:07,731 INFO 6784 [egg-security] use xframe middleware
2020-09-23 19:05:07,733 INFO 6784 [egg-security] use dta middleware
2020-09-23 19:05:07,733 INFO 6784 [egg-security] compose 6 middlewares into one security middleware
2020-09-23 19:05:07,759 INFO 6784 [egg:core] dump config after load, 8ms
2020-09-23 19:05:07,779 INFO 6784 [egg-watcher:application] watcher start success
2020-09-23 19:05:07,782 INFO 6784 [egg-mysql] instance[0] status OK, rds currentTime: Wed Sep 23 2020 19:05:07 GMT+0800 (GMT+08:00)
2020-09-23 19:05:07,791 INFO 6784 [egg:core] dump config after ready, 7ms
2020-09-24 15:59:18,452 INFO 6700 [egg:logger] init all loggers with options: {"dir":"C:\\Users\\10270\\Desktop\\server\\logs\\egg","encoding":"utf8","env":"local","level":"INFO","consoleLevel":"INFO","disableConsoleAfterReady":false,"outputJSON":false,"buffer":true,"appLogName":"egg-web.log","coreLogName":"egg-web.log","agentLogName":"egg-agent.log","errorLogName":"common-error.log","coreLogger":{"consoleLevel":"WARN"},"allowDebugAtProd":false,"type":"application"}
2020-09-24 15:59:18,499 INFO 6700 [egg-multipart] file mode enable
2020-09-24 15:59:18,499 INFO 6700 [egg-multipart] will save temporary files to "C:\\Users\\10270\\AppData\\Local\\Temp\\egg-multipart-tmp\\egg", cleanup job cron: "0 30 4 * * *"
2020-09-24 15:59:18,500 INFO 6700 [egg-mysql] connecting root@localhost:3306/kcdatabase
2020-09-24 15:59:18,901 INFO 6700 [egg-static] starting static serve /public/ -> C:\Users\10270\Desktop\server\app\public
2020-09-24 15:59:18,908 INFO 6700 [egg-security] use methodnoallow middleware
2020-09-24 15:59:18,909 INFO 6700 [egg-security] use noopen middleware
2020-09-24 15:59:18,911 INFO 6700 [egg-security] use nosniff middleware
2020-09-24 15:59:18,912 INFO 6700 [egg-security] use xssProtection middleware
2020-09-24 15:59:18,914 INFO 6700 [egg-security] use xframe middleware
2020-09-24 15:59:18,915 INFO 6700 [egg-security] use dta middleware
2020-09-24 15:59:18,915 INFO 6700 [egg-security] compose 6 middlewares into one security middleware
2020-09-24 15:59:18,944 INFO 6700 [egg:core] dump config after load, 6ms
2020-09-24 15:59:18,964 INFO 6700 [egg-watcher:application] watcher start success
2020-09-24 15:59:18,969 INFO 6700 [egg-mysql] instance[0] status OK, rds currentTime: Thu Sep 24 2020 15:59:18 GMT+0800 (GMT+08:00)
2020-09-24 15:59:18,978 INFO 6700 [egg:core] dump config after ready, 6ms
2020-09-24 15:59:21,107 INFO 7512 [egg:logger] init all loggers with options: {"dir":"C:\\Users\\10270\\Desktop\\server\\logs\\egg","encoding":"utf8","env":"local","level":"INFO","consoleLevel":"INFO","disableConsoleAfterReady":false,"outputJSON":false,"buffer":true,"appLogName":"egg-web.log","coreLogName":"egg-web.log","agentLogName":"egg-agent.log","errorLogName":"common-error.log","coreLogger":{"consoleLevel":"WARN"},"allowDebugAtProd":false,"type":"application"}
2020-09-24 15:59:21,154 INFO 7512 [egg-multipart] file mode enable
2020-09-24 15:59:21,154 INFO 7512 [egg-multipart] will save temporary files to "C:\\Users\\10270\\AppData\\Local\\Temp\\egg-multipart-tmp\\egg", cleanup job cron: "0 30 4 * * *"
2020-09-24 15:59:21,156 INFO 7512 [egg-mysql] connecting root@localhost:3306/kcdatabase
2020-09-24 15:59:21,595 INFO 7512 [egg-static] starting static serve /public/ -> C:\Users\10270\Desktop\server\app\public
2020-09-24 15:59:21,602 INFO 7512 [egg-security] use methodnoallow middleware
2020-09-24 15:59:21,603 INFO 7512 [egg-security] use noopen middleware
2020-09-24 15:59:21,606 INFO 7512 [egg-security] use nosniff middleware
2020-09-24 15:59:21,607 INFO 7512 [egg-security] use xssProtection middleware
2020-09-24 15:59:21,609 INFO 7512 [egg-security] use xframe middleware
2020-09-24 15:59:21,610 INFO 7512 [egg-security] use dta middleware
2020-09-24 15:59:21,610 INFO 7512 [egg-security] compose 6 middlewares into one security middleware
2020-09-24 15:59:21,647 INFO 7512 [egg:core] dump config after load, 7ms
2020-09-24 15:59:21,674 INFO 7512 [egg-watcher:application] watcher start success
2020-09-24 15:59:21,677 INFO 7512 [egg-mysql] instance[0] status OK, rds currentTime: Thu Sep 24 2020 15:59:21 GMT+0800 (GMT+08:00)
2020-09-24 15:59:21,686 INFO 7512 [egg:core] dump config after ready, 7ms
2020-09-24 15:59:23,867 INFO 11916 [egg:logger] init all loggers with options: {"dir":"C:\\Users\\10270\\Desktop\\server\\logs\\egg","encoding":"utf8","env":"local","level":"INFO","consoleLevel":"INFO","disableConsoleAfterReady":false,"outputJSON":false,"buffer":true,"appLogName":"egg-web.log","coreLogName":"egg-web.log","agentLogName":"egg-agent.log","errorLogName":"common-error.log","coreLogger":{"consoleLevel":"WARN"},"allowDebugAtProd":false,"type":"application"}
2020-09-24 15:59:23,912 INFO 11916 [egg-multipart] file mode enable
2020-09-24 15:59:23,912 INFO 11916 [egg-multipart] will save temporary files to "C:\\Users\\10270\\AppData\\Local\\Temp\\egg-multipart-tmp\\egg", cleanup job cron: "0 30 4 * * *"
2020-09-24 15:59:23,912 INFO 11916 [egg-mysql] connecting root@localhost:3306/kcdatabase
2020-09-24 15:59:24,214 INFO 11916 [egg-static] starting static serve /public/ -> C:\Users\10270\Desktop\server\app\public
2020-09-24 15:59:24,217 INFO 11916 [egg-security] use methodnoallow middleware
2020-09-24 15:59:24,224 INFO 11916 [egg-security] use noopen middleware
2020-09-24 15:59:24,227 INFO 11916 [egg-security] use nosniff middleware
2020-09-24 15:59:24,228 INFO 11916 [egg-security] use xssProtection middleware
2020-09-24 15:59:24,229 INFO 11916 [egg-security] use xframe middleware
2020-09-24 15:59:24,230 INFO 11916 [egg-security] use dta middleware
2020-09-24 15:59:24,230 INFO 11916 [egg-security] compose 6 middlewares into one security middleware
2020-09-24 15:59:24,258 INFO 11916 [egg:core] dump config after load, 6ms
2020-09-24 15:59:24,278 INFO 11916 [egg-watcher:application] watcher start success
2020-09-24 15:59:24,282 INFO 11916 [egg-mysql] instance[0] status OK, rds currentTime: Thu Sep 24 2020 15:59:24 GMT+0800 (GMT+08:00)
2020-09-24 15:59:24,293 INFO 11916 [egg:core] dump config after ready, 9ms
